  Skeleton.cpp
C:\Users\Zalan\Documents\Dokumentumok\Coding\Grafika\Hyperbolic-Graph-Viewer\Programs\Skeleton\Skeleton\framework.h(167,17): warning C4996: 'fopen': This function or variable may be unsafe. Consider using fopen_s instead. To disable deprecation, use _CRT_SECURE_NO_WARNINGS. See online help for details.
C:\Users\Zalan\Documents\Dokumentumok\Coding\Grafika\Hyperbolic-Graph-Viewer\Programs\Skeleton\Skeleton\Skeleton.cpp(83,33): warning C4244: 'argument': conversion from 'double' to 'float', possible loss of data
C:\Users\Zalan\Documents\Dokumentumok\Coding\Grafika\Hyperbolic-Graph-Viewer\Programs\Skeleton\Skeleton\Skeleton.cpp(98,36): warning C4244: 'argument': conversion from 'int' to 'float', possible loss of data
C:\Users\Zalan\Documents\Dokumentumok\Coding\Grafika\Hyperbolic-Graph-Viewer\Programs\Skeleton\Skeleton\Skeleton.cpp(98,30): warning C4244: 'argument': conversion from 'int' to 'float', possible loss of data
C:\Users\Zalan\Documents\Dokumentumok\Coding\Grafika\Hyperbolic-Graph-Viewer\Programs\Skeleton\Skeleton\Skeleton.cpp(214,12): warning C4244: 'argument': conversion from 'int' to 'float', possible loss of data
C:\Users\Zalan\Documents\Dokumentumok\Coding\Grafika\Hyperbolic-Graph-Viewer\Programs\Skeleton\Skeleton\Skeleton.cpp(221,15): warning C4244: 'initializing': conversion from 'double' to 'float', possible loss of data
C:\Users\Zalan\Documents\Dokumentumok\Coding\Grafika\Hyperbolic-Graph-Viewer\Programs\Skeleton\Skeleton\Skeleton.cpp(234,15): warning C4244: 'return': conversion from 'double' to 'float', possible loss of data
C:\Users\Zalan\Documents\Dokumentumok\Coding\Grafika\Hyperbolic-Graph-Viewer\Programs\Skeleton\Skeleton\Skeleton.cpp(281,75): warning C4244: 'argument': conversion from 'double' to 'float', possible loss of data
C:\Users\Zalan\Documents\Dokumentumok\Coding\Grafika\Hyperbolic-Graph-Viewer\Programs\Skeleton\Skeleton\Skeleton.cpp(281,104): warning C4244: 'argument': conversion from 'double' to 'float', possible loss of data
C:\Users\Zalan\Documents\Dokumentumok\Coding\Grafika\Hyperbolic-Graph-Viewer\Programs\Skeleton\Skeleton\Skeleton.cpp(282,44): warning C4244: 'argument': conversion from 'double' to 'float', possible loss of data
C:\Users\Zalan\Documents\Dokumentumok\Coding\Grafika\Hyperbolic-Graph-Viewer\Programs\Skeleton\Skeleton\Skeleton.cpp(282,101): warning C4244: 'argument': conversion from 'double' to 'float', possible loss of data
C:\Users\Zalan\Documents\Dokumentumok\Coding\Grafika\Hyperbolic-Graph-Viewer\Programs\Skeleton\Skeleton\Skeleton.cpp(283,44): warning C4244: 'argument': conversion from 'double' to 'float', possible loss of data
C:\Users\Zalan\Documents\Dokumentumok\Coding\Grafika\Hyperbolic-Graph-Viewer\Programs\Skeleton\Skeleton\Skeleton.cpp(283,101): warning C4244: 'argument': conversion from 'double' to 'float', possible loss of data
C:\Users\Zalan\Documents\Dokumentumok\Coding\Grafika\Hyperbolic-Graph-Viewer\Programs\Skeleton\Skeleton\Skeleton.cpp(286,62): warning C4244: 'argument': conversion from 'double' to 'float', possible loss of data
C:\Users\Zalan\Documents\Dokumentumok\Coding\Grafika\Hyperbolic-Graph-Viewer\Programs\Skeleton\Skeleton\Skeleton.cpp(286,83): warning C4244: 'argument': conversion from 'double' to 'float', possible loss of data
C:\Users\Zalan\Documents\Dokumentumok\Coding\Grafika\Hyperbolic-Graph-Viewer\Programs\Skeleton\Skeleton\Skeleton.cpp(287,48): warning C4244: 'argument': conversion from 'double' to 'float', possible loss of data
C:\Users\Zalan\Documents\Dokumentumok\Coding\Grafika\Hyperbolic-Graph-Viewer\Programs\Skeleton\Skeleton\Skeleton.cpp(287,84): warning C4244: 'argument': conversion from 'double' to 'float', possible loss of data
C:\Users\Zalan\Documents\Dokumentumok\Coding\Grafika\Hyperbolic-Graph-Viewer\Programs\Skeleton\Skeleton\Skeleton.cpp(289,60): warning C4244: 'argument': conversion from 'double' to 'float', possible loss of data
C:\Users\Zalan\Documents\Dokumentumok\Coding\Grafika\Hyperbolic-Graph-Viewer\Programs\Skeleton\Skeleton\Skeleton.cpp(289,81): warning C4244: 'argument': conversion from 'double' to 'float', possible loss of data
C:\Users\Zalan\Documents\Dokumentumok\Coding\Grafika\Hyperbolic-Graph-Viewer\Programs\Skeleton\Skeleton\Skeleton.cpp(290,48): warning C4244: 'argument': conversion from 'double' to 'float', possible loss of data
C:\Users\Zalan\Documents\Dokumentumok\Coding\Grafika\Hyperbolic-Graph-Viewer\Programs\Skeleton\Skeleton\Skeleton.cpp(290,86): warning C4244: 'argument': conversion from 'double' to 'float', possible loss of data
  Skeleton.vcxproj -> C:\Users\Zalan\Documents\Dokumentumok\Coding\Grafika\Hyperbolic-Graph-Viewer\Programs\Skeleton\bin\Skeleton.exe
