  Skeleton.cpp
C:\Users\Zalan\Documents\Dokumentumok\Coding\Grafika\Hyperbolic-Graph-Viewer\Programs\Skeleton\Skeleton\framework.h(167,17): warning C4996: 'fopen': This function or variable may be unsafe. Consider using fopen_s instead. To disable deprecation, use _CRT_SECURE_NO_WARNINGS. See online help for details.
C:\Users\Zalan\Documents\Dokumentumok\Coding\Grafika\Hyperbolic-Graph-Viewer\Programs\Skeleton\Skeleton\Skeleton.cpp(83,33): warning C4244: 'argument': conversion from 'double' to 'float', possible loss of data
C:\Users\Zalan\Documents\Dokumentumok\Coding\Grafika\Hyperbolic-Graph-Viewer\Programs\Skeleton\Skeleton\Skeleton.cpp(98,36): warning C4244: 'argument': conversion from 'int' to 'float', possible loss of data
C:\Users\Zalan\Documents\Dokumentumok\Coding\Grafika\Hyperbolic-Graph-Viewer\Programs\Skeleton\Skeleton\Skeleton.cpp(98,30): warning C4244: 'argument': conversion from 'int' to 'float', possible loss of data
C:\Users\Zalan\Documents\Dokumentumok\Coding\Grafika\Hyperbolic-Graph-Viewer\Programs\Skeleton\Skeleton\Skeleton.cpp(215,12): warning C4244: 'argument': conversion from 'int' to 'float', possible loss of data
C:\Users\Zalan\Documents\Dokumentumok\Coding\Grafika\Hyperbolic-Graph-Viewer\Programs\Skeleton\Skeleton\Skeleton.cpp(222,15): warning C4244: 'initializing': conversion from 'double' to 'float', possible loss of data
C:\Users\Zalan\Documents\Dokumentumok\Coding\Grafika\Hyperbolic-Graph-Viewer\Programs\Skeleton\Skeleton\Skeleton.cpp(235,15): warning C4244: 'return': conversion from 'double' to 'float', possible loss of data
C:\Users\Zalan\Documents\Dokumentumok\Coding\Grafika\Hyperbolic-Graph-Viewer\Programs\Skeleton\Skeleton\Skeleton.cpp(278,13): warning C4244: 'initializing': conversion from 'double' to 'float', possible loss of data
C:\Users\Zalan\Documents\Dokumentumok\Coding\Grafika\Hyperbolic-Graph-Viewer\Programs\Skeleton\Skeleton\Skeleton.cpp(279,13): warning C4244: 'initializing': conversion from 'double' to 'float', possible loss of data
C:\Users\Zalan\Documents\Dokumentumok\Coding\Grafika\Hyperbolic-Graph-Viewer\Programs\Skeleton\Skeleton\Skeleton.cpp(284,75): warning C4244: 'argument': conversion from 'double' to 'float', possible loss of data
C:\Users\Zalan\Documents\Dokumentumok\Coding\Grafika\Hyperbolic-Graph-Viewer\Programs\Skeleton\Skeleton\Skeleton.cpp(284,104): warning C4244: 'argument': conversion from 'double' to 'float', possible loss of data
C:\Users\Zalan\Documents\Dokumentumok\Coding\Grafika\Hyperbolic-Graph-Viewer\Programs\Skeleton\Skeleton\Skeleton.cpp(285,44): warning C4244: 'argument': conversion from 'double' to 'float', possible loss of data
C:\Users\Zalan\Documents\Dokumentumok\Coding\Grafika\Hyperbolic-Graph-Viewer\Programs\Skeleton\Skeleton\Skeleton.cpp(285,101): warning C4244: 'argument': conversion from 'double' to 'float', possible loss of data
C:\Users\Zalan\Documents\Dokumentumok\Coding\Grafika\Hyperbolic-Graph-Viewer\Programs\Skeleton\Skeleton\Skeleton.cpp(286,44): warning C4244: 'argument': conversion from 'double' to 'float', possible loss of data
C:\Users\Zalan\Documents\Dokumentumok\Coding\Grafika\Hyperbolic-Graph-Viewer\Programs\Skeleton\Skeleton\Skeleton.cpp(286,101): warning C4244: 'argument': conversion from 'double' to 'float', possible loss of data
C:\Users\Zalan\Documents\Dokumentumok\Coding\Grafika\Hyperbolic-Graph-Viewer\Programs\Skeleton\Skeleton\Skeleton.cpp(289,62): warning C4244: 'argument': conversion from 'double' to 'float', possible loss of data
C:\Users\Zalan\Documents\Dokumentumok\Coding\Grafika\Hyperbolic-Graph-Viewer\Programs\Skeleton\Skeleton\Skeleton.cpp(289,83): warning C4244: 'argument': conversion from 'double' to 'float', possible loss of data
C:\Users\Zalan\Documents\Dokumentumok\Coding\Grafika\Hyperbolic-Graph-Viewer\Programs\Skeleton\Skeleton\Skeleton.cpp(290,50): warning C4244: 'argument': conversion from 'double' to 'float', possible loss of data
C:\Users\Zalan\Documents\Dokumentumok\Coding\Grafika\Hyperbolic-Graph-Viewer\Programs\Skeleton\Skeleton\Skeleton.cpp(290,88): warning C4244: 'argument': conversion from 'double' to 'float', possible loss of data
C:\Users\Zalan\Documents\Dokumentumok\Coding\Grafika\Hyperbolic-Graph-Viewer\Programs\Skeleton\Skeleton\Skeleton.cpp(292,60): warning C4244: 'argument': conversion from 'double' to 'float', possible loss of data
C:\Users\Zalan\Documents\Dokumentumok\Coding\Grafika\Hyperbolic-Graph-Viewer\Programs\Skeleton\Skeleton\Skeleton.cpp(292,81): warning C4244: 'argument': conversion from 'double' to 'float', possible loss of data
C:\Users\Zalan\Documents\Dokumentumok\Coding\Grafika\Hyperbolic-Graph-Viewer\Programs\Skeleton\Skeleton\Skeleton.cpp(293,48): warning C4244: 'argument': conversion from 'double' to 'float', possible loss of data
C:\Users\Zalan\Documents\Dokumentumok\Coding\Grafika\Hyperbolic-Graph-Viewer\Programs\Skeleton\Skeleton\Skeleton.cpp(293,86): warning C4244: 'argument': conversion from 'double' to 'float', possible loss of data
  Generating code
  2 of 129 functions ( 1.6%) were compiled, the rest were copied from previous compilation.
    0 functions were new in current compilation
    2 functions had inline decision re-evaluated but remain unchanged
  Finished generating code
  Skeleton.vcxproj -> C:\Users\Zalan\Documents\Dokumentumok\Coding\Grafika\Hyperbolic-Graph-Viewer\Programs\Skeleton\bin\Skeleton.exe
